<?xml version="1.0" encoding="UTF-8"?>
<!-- Generated by org.testng.reporters.JUnitReportReporter -->
<testsuite hostname="Jarvis" failures="0" tests="2" name="TestNG.attributeTestNG" time="0.020" errors="0" timestamp="04 Jan 2024 16:46:22 GMT" skipped="0">
  <testcase classname="TestNG.attributeTestNG" name="work" time="0.018"/>
  <testcase classname="TestNG.attributeTestNG" name="walk" time="0.002"/>
</testsuite> <!-- TestNG.attributeTestNG -->
