<?xml version="1.0" encoding="UTF-8"?>
<!-- Generated by org.testng.reporters.JUnitReportReporter -->
<testsuite hostname="Jarvis" failures="0" tests="1" name="TestNG.SequentialOrder" time="0.008" errors="0" timestamp="31 Dec 2023 11:57:27 GMT" skipped="0">
  <testcase classname="TestNG.SequentialOrder" name="main1" time="0.008"/>
</testsuite> <!-- TestNG.SequentialOrder -->
